[2026-06-29 06:08:43] [INFO] ════════════════════════════════════════════════════════════
[2026-06-29 06:08:43] [INFO] 开始验证 index.html
[2026-06-29 06:08:43] [INFO] ════════════════════════════════════════════════════════════
[2026-06-29 06:08:43] [INFO] ✓ 文件存在: 存在
[2026-06-29 06:08:43] [INFO] ✓ 文件大小: 42KB
[2026-06-29 06:08:43] [INFO] ✓ HTML结构完整: 完整
[2026-06-29 06:08:43] [INFO] ✓ 日期更新: 2026年06月29日
[2026-06-29 06:08:43] [INFO] ✓ 热点条目数: 100 条
[2026-06-29 06:08:43] [INFO] ✓ JavaScript语法: 无语法错误
[2026-06-29 06:08:43] [INFO] ✓ Git状态: 有未提交变更 (13 文件)
[2026-06-29 06:08:45] [INFO] ✓ 远程仓库可达: 可达
[2026-06-29 06:08:45] [INFO] ════════════════════════════════════════════════════════════
[2026-06-29 06:08:45] [INFO] 验证结果: ✅ 全部通过
[2026-06-29 06:08:45] [INFO] ════════════════════════════════════════════════════════════
[2026-06-29 06:08:45] [INFO]   ✓ 文件存在: 存在
[2026-06-29 06:08:45] [INFO]   ✓ 文件大小: 42KB
[2026-06-29 06:08:45] [INFO]   ✓ HTML结构完整: 完整
[2026-06-29 06:08:45] [INFO]   ✓ 日期更新: 2026年06月29日
[2026-06-29 06:08:45] [INFO]   ✓ 热点条目数: 100 条
[2026-06-29 06:08:45] [INFO]   ✓ JavaScript语法: 无语法错误
[2026-06-29 06:08:45] [INFO]   ✓ Git状态: 有未提交变更 (13 文件)
[2026-06-29 06:08:45] [INFO]   ✓ 远程仓库可达: 可达
[2026-06-29 06:08:45] [INFO] ════════════════════════════════════════════════════════════
[2026-06-29 06:08:52] [INFO] ════════════════════════════════════════════════════════════
[2026-06-29 06:08:52] [INFO] 开始验证 index.html
[2026-06-29 06:08:52] [INFO] ════════════════════════════════════════════════════════════
[2026-06-29 06:08:52] [INFO] ✓ 文件存在: 存在
[2026-06-29 06:08:52] [INFO] ✓ 文件大小: 42KB
[2026-06-29 06:08:52] [INFO] ✓ HTML结构完整: 完整
[2026-06-29 06:08:52] [INFO] ✓ 日期更新: 2026年06月29日
[2026-06-29 06:08:52] [INFO] ✓ 热点条目数: 100 条
[2026-06-29 06:08:52] [INFO] ✓ JavaScript语法: 无语法错误
[2026-06-29 06:08:52] [INFO] ✓ Git状态: 有未提交变更 (13 文件)
[2026-06-29 06:08:53] [INFO] ✓ 远程仓库可达: 可达
[2026-06-29 06:08:53] [INFO] ════════════════════════════════════════════════════════════
[2026-06-29 06:08:53] [INFO] 验证结果: ✅ 全部通过
[2026-06-29 06:08:53] [INFO] ════════════════════════════════════════════════════════════
[2026-06-29 06:08:53] [INFO]   ✓ 文件存在: 存在
[2026-06-29 06:08:53] [INFO]   ✓ 文件大小: 42KB
[2026-06-29 06:08:53] [INFO]   ✓ HTML结构完整: 完整
[2026-06-29 06:08:53] [INFO]   ✓ 日期更新: 2026年06月29日
[2026-06-29 06:08:53] [INFO]   ✓ 热点条目数: 100 条
[2026-06-29 06:08:53] [INFO]   ✓ JavaScript语法: 无语法错误
[2026-06-29 06:08:53] [INFO]   ✓ Git状态: 有未提交变更 (13 文件)
[2026-06-29 06:08:53] [INFO]   ✓ 远程仓库可达: 可达
[2026-06-29 06:08:53] [INFO] ════════════════════════════════════════════════════════════
